0 info it worked if it ends with ok
1 verbose cli [ '/usr/local/bin/node',
1 verbose cli   '/Users/realph/.node/bin/npm',
1 verbose cli   'i',
1 verbose cli   'ngGeolocation',
1 verbose cli   '--save' ]
2 info using npm@2.14.2
3 info using node@v5.4.1
4 verbose install initial load of /Users/realph/Desktop/poopietime/package.json
5 warn package.json poopietime@0.0.1 No repository field.
6 warn package.json poopietime@0.0.1 No license field.
7 verbose installManyTop reading scoped package data from /Users/realph/Desktop/poopietime/node_modules/angular/package.json
8 verbose installManyTop reading scoped package data from /Users/realph/Desktop/poopietime/node_modules/angularfire/package.json
9 verbose installManyTop reading scoped package data from /Users/realph/Desktop/poopietime/node_modules/browser-sync/package.json
10 verbose installManyTop reading scoped package data from /Users/realph/Desktop/poopietime/node_modules/browserify/package.json
11 verbose installManyTop reading scoped package data from /Users/realph/Desktop/poopietime/node_modules/firebase/package.json
12 verbose installManyTop reading scoped package data from /Users/realph/Desktop/poopietime/node_modules/gulp/package.json
13 verbose installManyTop reading scoped package data from /Users/realph/Desktop/poopietime/node_modules/gulp-autoprefixer/package.json
14 verbose installManyTop reading scoped package data from /Users/realph/Desktop/poopietime/node_modules/gulp-minify-css/package.json
15 verbose installManyTop reading scoped package data from /Users/realph/Desktop/poopietime/node_modules/gulp-plumber/package.json
16 verbose installManyTop reading scoped package data from /Users/realph/Desktop/poopietime/node_modules/gulp-sass/package.json
17 verbose installManyTop reading scoped package data from /Users/realph/Desktop/poopietime/node_modules/gulp-sourcemaps/package.json
18 verbose installManyTop reading scoped package data from /Users/realph/Desktop/poopietime/node_modules/gulp-uglify/package.json
19 verbose installManyTop reading scoped package data from /Users/realph/Desktop/poopietime/node_modules/gulp-util/package.json
20 verbose installManyTop reading scoped package data from /Users/realph/Desktop/poopietime/node_modules/vinyl-buffer/package.json
21 verbose installManyTop reading scoped package data from /Users/realph/Desktop/poopietime/node_modules/vinyl-source-stream/package.json
22 info package.json gulp-minify-css@1.2.3 No repository field.
23 info package.json angularfire@1.1.3 No license field.
24 info package.json firebase@2.3.2 No license field.
25 verbose readDependencies loading dependencies from /Users/realph/Desktop/poopietime/package.json
26 silly cache add args [ 'ngGeolocation', null ]
27 verbose cache add spec ngGeolocation
28 silly cache add parsed spec Result {
28 silly cache add   raw: 'ngGeolocation',
28 silly cache add   scope: null,
28 silly cache add   name: 'ngGeolocation',
28 silly cache add   rawSpec: '',
28 silly cache add   spec: '*',
28 silly cache add   type: 'range' }
29 silly addNamed ngGeolocation@*
30 verbose addNamed "*" is a valid semver range for ngGeolocation
31 silly addNameRange { name: 'ngGeolocation', range: '*', hasData: false }
32 silly mapToRegistry name ngGeolocation
33 silly mapToRegistry using default registry
34 silly mapToRegistry registry https://registry.npmjs.org/
35 silly mapToRegistry uri https://registry.npmjs.org/ngGeolocation
36 verbose addNameRange registry:https://registry.npmjs.org/ngGeolocation not in flight; fetching
37 verbose request uri https://registry.npmjs.org/ngGeolocation
38 verbose request no auth needed
39 info attempt registry request try #1 at 10:56:50 PM
40 verbose request id 67c36b90b276dc21
41 http request GET https://registry.npmjs.org/ngGeolocation
42 http 404 https://registry.npmjs.org/ngGeolocation
43 verbose headers { 'content-type': 'application/json',
43 verbose headers   'cache-control': 'max-age=0',
43 verbose headers   'content-length': '2',
43 verbose headers   'accept-ranges': 'bytes',
43 verbose headers   date: 'Wed, 20 Jan 2016 22:56:51 GMT',
43 verbose headers   via: '1.1 varnish',
43 verbose headers   age: '0',
43 verbose headers   connection: 'keep-alive',
43 verbose headers   'x-served-by': 'cache-ams4141-AMS',
43 verbose headers   'x-cache': 'MISS',
43 verbose headers   'x-cache-hits': '0',
43 verbose headers   'x-timer': 'S1453330611.153812,VS0,VE101' }
44 silly get cb [ 404,
44 silly get   { 'content-type': 'application/json',
44 silly get     'cache-control': 'max-age=0',
44 silly get     'content-length': '2',
44 silly get     'accept-ranges': 'bytes',
44 silly get     date: 'Wed, 20 Jan 2016 22:56:51 GMT',
44 silly get     via: '1.1 varnish',
44 silly get     age: '0',
44 silly get     connection: 'keep-alive',
44 silly get     'x-served-by': 'cache-ams4141-AMS',
44 silly get     'x-cache': 'MISS',
44 silly get     'x-cache-hits': '0',
44 silly get     'x-timer': 'S1453330611.153812,VS0,VE101' } ]
45 verbose stack Error: Registry returned 404 for GET on https://registry.npmjs.org/ngGeolocation
45 verbose stack     at makeError (/Users/realph/.node/lib/node_modules/npm/node_modules/npm-registry-client/lib/request.js:263:12)
45 verbose stack     at CachingRegistryClient.<anonymous> (/Users/realph/.node/lib/node_modules/npm/node_modules/npm-registry-client/lib/request.js:241:14)
45 verbose stack     at Request._callback (/Users/realph/.node/lib/node_modules/npm/node_modules/npm-registry-client/lib/request.js:171:14)
45 verbose stack     at Request.self.callback (/Users/realph/.node/lib/node_modules/npm/node_modules/request/request.js:198:22)
45 verbose stack     at emitTwo (events.js:87:13)
45 verbose stack     at Request.emit (events.js:172:7)
45 verbose stack     at Request.<anonymous> (/Users/realph/.node/lib/node_modules/npm/node_modules/request/request.js:1073:14)
45 verbose stack     at emitOne (events.js:82:20)
45 verbose stack     at Request.emit (events.js:169:7)
45 verbose stack     at IncomingMessage.<anonymous> (/Users/realph/.node/lib/node_modules/npm/node_modules/request/request.js:1019:12)
46 verbose statusCode 404
47 verbose pkgid ngGeolocation
48 verbose cwd /Users/realph/Desktop/poopietime
49 error Darwin 15.2.0
50 error argv "/usr/local/bin/node" "/Users/realph/.node/bin/npm" "i" "ngGeolocation" "--save"
51 error node v5.4.1
52 error npm  v2.14.2
53 error code E404
54 error 404 Registry returned 404 for GET on https://registry.npmjs.org/ngGeolocation
54 error 404
54 error 404 'ngGeolocation' is not in the npm registry.
54 error 404 Your package name is not valid, because
54 error 404
54 error 404  1. name can no longer contain capital letters
54 error 404 It was specified as a dependency of 'poopietime'
54 error 404
54 error 404 Note that you can also install from a
54 error 404 tarball, folder, http url, or git url.
55 verbose exit [ 1, true ]
